24-01-2021 02:17:25.752 [main] INFO  AlboComicsApplication Starting AlboComicsApplication using Java 11.0.9.1 on MSI with PID 1136 (C:\Users\Ing_O\eclipse-workspace\comics\alboComics\target\classes started by Ing_O in C:\Users\Ing_O\eclipse-workspace\comics\alboComics)
24-01-2021 02:17:25.757 [main] INFO  AlboComicsApplication No active profile set, falling back to default profiles: default
24-01-2021 02:17:27.666 [main] INFO  RepositoryConfigurationDelegate Bootstrapping Spring Data MongoDB repositories in DEFAULT mode.
24-01-2021 02:17:27.698 [main] INFO  RepositoryConfigurationDelegate Finished Spring Data repository scanning in 30 ms. Found 1 MongoDB repository interfaces.
24-01-2021 02:17:28.092 [main] INFO  TomcatWebServer Tomcat initialized with port(s): 8080 (http)
24-01-2021 02:17:28.100 [main] INFO  Http11NioProtocol Initializing ProtocolHandler ["http-nio-8080"]
24-01-2021 02:17:28.101 [main] INFO  StandardService Starting service [Tomcat]
24-01-2021 02:17:28.101 [main] INFO  StandardEngine Starting Servlet engine: [Apache Tomcat/9.0.41]
24-01-2021 02:17:28.174 [main] INFO  [/marvel] Initializing Spring embedded WebApplicationContext
24-01-2021 02:17:28.174 [main] INFO  ServletWebServerApplicationContext Root WebApplicationContext: initialization completed in 2382 ms
24-01-2021 02:17:28.332 [main] INFO  cluster Cluster created with settings {hosts=[127.0.0.1:27017], srvHost=cluster0.zccxh.mongodb.net, mode=MULTIPLE, requiredClusterType=REPLICA_SET, serverSelectionTimeout='30000 ms', requiredReplicaSetName='atlas-s3nd0f-shard-0'}
24-01-2021 02:17:28.389 [cluster-ClusterId{value='600d2d18c4e3a455e9917e41', description='null'}-srv-cluster0.zccxh.mongodb.net] INFO  cluster Adding discovered server cluster0-shard-00-02.zccxh.mongodb.net:27017 to client view of cluster
24-01-2021 02:17:28.414 [cluster-ClusterId{value='600d2d18c4e3a455e9917e41', description='null'}-srv-cluster0.zccxh.mongodb.net] INFO  cluster Adding discovered server cluster0-shard-00-01.zccxh.mongodb.net:27017 to client view of cluster
24-01-2021 02:17:28.415 [cluster-ClusterId{value='600d2d18c4e3a455e9917e41', description='null'}-srv-cluster0.zccxh.mongodb.net] INFO  cluster Adding discovered server cluster0-shard-00-00.zccxh.mongodb.net:27017 to client view of cluster
24-01-2021 02:17:28.833 [main] INFO  ThreadPoolTaskExecutor Initializing ExecutorService 'applicationTaskExecutor'
24-01-2021 02:17:28.993 [main] INFO  Http11NioProtocol Starting ProtocolHandler ["http-nio-8080"]
24-01-2021 02:17:29.007 [main] INFO  TomcatWebServer Tomcat started on port(s): 8080 (http) with context path '/marvel'
24-01-2021 02:17:29.011 [main] INFO  DocumentationPluginsBootstrapper Context refreshed
24-01-2021 02:17:29.030 [main] INFO  DocumentationPluginsBootstrapper Found 1 custom documentation plugin(s)
24-01-2021 02:17:29.033 [cluster-rtt-ClusterId{value='600d2d18c4e3a455e9917e41', description='null'}-cluster0-shard-00-01.zccxh.mongodb.net:27017] INFO  connection Opened connection [connectionId{localValue:4, serverValue:224944}] to cluster0-shard-00-01.zccxh.mongodb.net:27017
24-01-2021 02:17:29.033 [cluster-rtt-ClusterId{value='600d2d18c4e3a455e9917e41', description='null'}-cluster0-shard-00-00.zccxh.mongodb.net:27017] INFO  connection Opened connection [connectionId{localValue:3, serverValue:185542}] to cluster0-shard-00-00.zccxh.mongodb.net:27017
24-01-2021 02:17:29.033 [cluster-rtt-ClusterId{value='600d2d18c4e3a455e9917e41', description='null'}-cluster0-shard-00-02.zccxh.mongodb.net:27017] INFO  connection Opened connection [connectionId{localValue:5, serverValue:185830}] to cluster0-shard-00-02.zccxh.mongodb.net:27017
24-01-2021 02:17:29.033 [cluster-ClusterId{value='600d2d18c4e3a455e9917e41', description='null'}-cluster0-shard-00-00.zccxh.mongodb.net:27017] INFO  connection Opened connection [connectionId{localValue:6, serverValue:185542}] to cluster0-shard-00-00.zccxh.mongodb.net:27017
24-01-2021 02:17:29.033 [cluster-ClusterId{value='600d2d18c4e3a455e9917e41', description='null'}-cluster0-shard-00-02.zccxh.mongodb.net:27017] INFO  connection Opened connection [connectionId{localValue:2, serverValue:185636}] to cluster0-shard-00-02.zccxh.mongodb.net:27017
24-01-2021 02:17:29.033 [cluster-ClusterId{value='600d2d18c4e3a455e9917e41', description='null'}-cluster0-shard-00-01.zccxh.mongodb.net:27017] INFO  connection Opened connection [connectionId{localValue:1, serverValue:225197}] to cluster0-shard-00-01.zccxh.mongodb.net:27017
24-01-2021 02:17:29.034 [cluster-ClusterId{value='600d2d18c4e3a455e9917e41', description='null'}-cluster0-shard-00-02.zccxh.mongodb.net:27017] INFO  cluster Monitor thread successfully connected to server with description ServerDescription{address=cluster0-shard-00-02.zccxh.mongodb.net:27017, type=REPLICA_SET_SECONDARY, state=CONNECTED, ok=true, minWireVersion=0, maxWireVersion=8, maxDocumentSize=16777216, logicalSessionTimeoutMinutes=30, roundTripTimeNanos=324598900, setName='atlas-s3nd0f-shard-0', canonicalAddress=cluster0-shard-00-02.zccxh.mongodb.net:27017, hosts=[cluster0-shard-00-01.zccxh.mongodb.net:27017, cluster0-shard-00-02.zccxh.mongodb.net:27017, cluster0-shard-00-00.zccxh.mongodb.net:27017], passives=[], arbiters=[], primary='cluster0-shard-00-01.zccxh.mongodb.net:27017', tagSet=TagSet{[Tag{name='nodeType', value='ELECTABLE'}, Tag{name='provider', value='AWS'}, Tag{name='region', value='US_EAST_1'}, Tag{name='workloadType', value='OPERATIONAL'}]}, electionId=null, setVersion=1, topologyVersion=null, lastWriteDate=Sun Jan 24 02:17:26 CST 2021, lastUpdateTimeNanos=3062929128700}
24-01-2021 02:17:29.034 [cluster-ClusterId{value='600d2d18c4e3a455e9917e41', description='null'}-cluster0-shard-00-01.zccxh.mongodb.net:27017] INFO  cluster Monitor thread successfully connected to server with description ServerDescription{address=cluster0-shard-00-01.zccxh.mongodb.net:27017, type=REPLICA_SET_PRIMARY, state=CONNECTED, ok=true, minWireVersion=0, maxWireVersion=8, maxDocumentSize=16777216, logicalSessionTimeoutMinutes=30, roundTripTimeNanos=324570000, setName='atlas-s3nd0f-shard-0', canonicalAddress=cluster0-shard-00-01.zccxh.mongodb.net:27017, hosts=[cluster0-shard-00-01.zccxh.mongodb.net:27017, cluster0-shard-00-02.zccxh.mongodb.net:27017, cluster0-shard-00-00.zccxh.mongodb.net:27017], passives=[], arbiters=[], primary='cluster0-shard-00-01.zccxh.mongodb.net:27017', tagSet=TagSet{[Tag{name='nodeType', value='ELECTABLE'}, Tag{name='provider', value='AWS'}, Tag{name='region', value='US_EAST_1'}, Tag{name='workloadType', value='OPERATIONAL'}]}, electionId=7fffffff0000000000000007, setVersion=1, topologyVersion=null, lastWriteDate=Sun Jan 24 02:17:26 CST 2021, lastUpdateTimeNanos=3062929128800}
24-01-2021 02:17:29.034 [cluster-ClusterId{value='600d2d18c4e3a455e9917e41', description='null'}-cluster0-shard-00-00.zccxh.mongodb.net:27017] INFO  cluster Monitor thread successfully connected to server with description ServerDescription{address=cluster0-shard-00-00.zccxh.mongodb.net:27017, type=REPLICA_SET_SECONDARY, state=CONNECTED, ok=true, minWireVersion=0, maxWireVersion=8, maxDocumentSize=16777216, logicalSessionTimeoutMinutes=30, roundTripTimeNanos=324515800, setName='atlas-s3nd0f-shard-0', canonicalAddress=cluster0-shard-00-00.zccxh.mongodb.net:27017, hosts=[cluster0-shard-00-01.zccxh.mongodb.net:27017, cluster0-shard-00-02.zccxh.mongodb.net:27017, cluster0-shard-00-00.zccxh.mongodb.net:27017], passives=[], arbiters=[], primary='cluster0-shard-00-01.zccxh.mongodb.net:27017', tagSet=TagSet{[Tag{name='nodeType', value='ELECTABLE'}, Tag{name='provider', value='AWS'}, Tag{name='region', value='US_EAST_1'}, Tag{name='workloadType', value='OPERATIONAL'}]}, electionId=null, setVersion=1, topologyVersion=null, lastWriteDate=Sun Jan 24 02:17:26 CST 2021, lastUpdateTimeNanos=3062929128700}
24-01-2021 02:17:29.036 [cluster-ClusterId{value='600d2d18c4e3a455e9917e41', description='null'}-cluster0-shard-00-01.zccxh.mongodb.net:27017] INFO  cluster Setting max election id to 7fffffff0000000000000007 from replica set primary cluster0-shard-00-01.zccxh.mongodb.net:27017
24-01-2021 02:17:29.036 [cluster-ClusterId{value='600d2d18c4e3a455e9917e41', description='null'}-cluster0-shard-00-01.zccxh.mongodb.net:27017] INFO  cluster Setting max set version to 1 from replica set primary cluster0-shard-00-01.zccxh.mongodb.net:27017
24-01-2021 02:17:29.036 [cluster-ClusterId{value='600d2d18c4e3a455e9917e41', description='null'}-cluster0-shard-00-01.zccxh.mongodb.net:27017] INFO  cluster Discovered replica set primary cluster0-shard-00-01.zccxh.mongodb.net:27017
24-01-2021 02:17:29.040 [main] INFO  ApiListingReferenceScanner Scanning for api listing references
24-01-2021 02:17:29.138 [main] INFO  AlboComicsApplication Started AlboComicsApplication in 3.641 seconds (JVM running for 4.369)
24-01-2021 02:17:35.094 [http-nio-8080-exec-1] INFO  [/marvel] Initializing Spring DispatcherServlet 'dispatcherServlet'
24-01-2021 02:17:35.094 [http-nio-8080-exec-1] INFO  DispatcherServlet Initializing Servlet 'dispatcherServlet'
24-01-2021 02:17:35.095 [http-nio-8080-exec-1] INFO  DispatcherServlet Completed initialization in 1 ms
24-01-2021 02:17:40.277 [http-nio-8080-exec-6] INFO  ApiController Parametros requerido o no permitidos.
24-01-2021 02:17:50.081 [http-nio-8080-exec-7] INFO  connection Opened connection [connectionId{localValue:7, serverValue:225118}] to cluster0-shard-00-01.zccxh.mongodb.net:27017
24-01-2021 02:18:59.754 [RMI TCP Connection(4)-127.0.0.1] INFO  SpringApplicationAdminMXBeanRegistrar$SpringApplicationAdmin Application shutdown requested.
24-01-2021 02:18:59.859 [RMI TCP Connection(4)-127.0.0.1] INFO  ThreadPoolTaskExecutor Shutting down ExecutorService 'applicationTaskExecutor'
24-01-2021 02:18:59.934 [RMI TCP Connection(4)-127.0.0.1] INFO  connection Closed connection [connectionId{localValue:7, serverValue:225118}] to cluster0-shard-00-01.zccxh.mongodb.net:27017 because the pool has been closed.
